Determining if the pthread_create exist failed with the following output:
Change Dir: /home/robotica/bender_ws/base_ws/src/bender_common/bender_description/calibration/robot_calibration-indigo-devel/robot_calibration/build/CMakeFiles/CMakeTmp

Run Build Command:/usr/bin/make "cmTryCompileExec2464681321/fast"
/usr/bin/make -f CMakeFiles/cmTryCompileExec2464681321.dir/build.make CMakeFiles/cmTryCompileExec2464681321.dir/build
make[1]: Entering directory `/home/robotica/bender_ws/base_ws/src/bender_common/bender_description/calibration/robot_calibration-indigo-devel/robot_calibration/build/CMakeFiles/CMakeTmp'
/usr/bin/cmake -E cmake_progress_report /home/robotica/bender_ws/base_ws/src/bender_common/bender_description/calibration/robot_calibration-indigo-devel/robot_calibration/build/CMakeFiles/CMakeTmp/CMakeFiles 1
Building C object CMakeFiles/cmTryCompileExec2464681321.dir/CheckSymbolExists.c.o
/usr/bin/cc    -o CMakeFiles/cmTryCompileExec2464681321.dir/CheckSymbolExists.c.o   -c /home/robotica/bender_ws/base_ws/src/bender_common/bender_description/calibration/robot_calibration-indigo-devel/robot_calibration/build/CMakeFiles/CMakeTmp/CheckSymbolExists.c
Linking C executable cmTryCompileExec2464681321
/usr/bin/cmake -E cmake_link_script CMakeFiles/cmTryCompileExec2464681321.dir/link.txt --verbose=1
/usr/bin/cc       CMakeFiles/cmTryCompileExec2464681321.dir/CheckSymbolExists.c.o  -o cmTryCompileExec2464681321 -rdynamic 
CMakeFiles/cmTryCompileExec2464681321.dir/CheckSymbolExists.c.o: In function `main':
CheckSymbolExists.c:(.text+0x16): undefined reference to `pthread_create'
collect2: error: ld returned 1 exit status
make[1]: *** [cmTryCompileExec2464681321] Error 1
make[1]: Leaving directory `/home/robotica/bender_ws/base_ws/src/bender_common/bender_description/calibration/robot_calibration-indigo-devel/robot_calibration/build/CMakeFiles/CMakeTmp'
make: *** [cmTryCompileExec2464681321/fast] Error 2

File /home/robotica/bender_ws/base_ws/src/bender_common/bender_description/calibration/robot_calibration-indigo-devel/robot_calibration/build/CMakeFiles/CMakeTmp/CheckSymbolExists.c:
/* */
#include <pthread.h>

int main(int argc, char** argv)
{
  (void)argv;
#ifndef pthread_create
  return ((int*)(&pthread_create))[argc];
#else
  (void)argc;
  return 0;
#endif
}

Determining if the function pthread_create exists in the pthreads failed with the following output:
Change Dir: /home/robotica/bender_ws/base_ws/src/bender_common/bender_description/calibration/robot_calibration-indigo-devel/robot_calibration/build/CMakeFiles/CMakeTmp

Run Build Command:/usr/bin/make "cmTryCompileExec2958430018/fast"
/usr/bin/make -f CMakeFiles/cmTryCompileExec2958430018.dir/build.make CMakeFiles/cmTryCompileExec2958430018.dir/build
make[1]: Entering directory `/home/robotica/bender_ws/base_ws/src/bender_common/bender_description/calibration/robot_calibration-indigo-devel/robot_calibration/build/CMakeFiles/CMakeTmp'
/usr/bin/cmake -E cmake_progress_report /home/robotica/bender_ws/base_ws/src/bender_common/bender_description/calibration/robot_calibration-indigo-devel/robot_calibration/build/CMakeFiles/CMakeTmp/CMakeFiles 1
Building C object CMakeFiles/cmTryCompileExec2958430018.dir/CheckFunctionExists.c.o
/usr/bin/cc   -DCHECK_FUNCTION_EXISTS=pthread_create   -o CMakeFiles/cmTryCompileExec2958430018.dir/CheckFunctionExists.c.o   -c /usr/share/cmake-2.8/Modules/CheckFunctionExists.c
Linking C executable cmTryCompileExec2958430018
/usr/bin/cmake -E cmake_link_script CMakeFiles/cmTryCompileExec2958430018.dir/link.txt --verbose=1
/usr/bin/cc   -DCHECK_FUNCTION_EXISTS=pthread_create    CMakeFiles/cmTryCompileExec2958430018.dir/CheckFunctionExists.c.o  -o cmTryCompileExec2958430018 -rdynamic -lpthreads 
/usr/bin/ld: cannot find -lpthreads
collect2: error: ld returned 1 exit status
make[1]: *** [cmTryCompileExec2958430018] Error 1
make[1]: Leaving directory `/home/robotica/bender_ws/base_ws/src/bender_common/bender_description/calibration/robot_calibration-indigo-devel/robot_calibration/build/CMakeFiles/CMakeTmp'
make: *** [cmTryCompileExec2958430018/fast] Error 2


